<?xml version="1.0" encoding="UTF-8"?>
<testng-results ignored="0" total="1" passed="0" failed="1" skipped="0">
  <reporter-output>
    <line>
      <![CDATA[open browser]]>
    </line>
    <line>
      <![CDATA[Edit organization]]>
    </line>
    <line>
      <![CDATA[Logout Application]]>
    </line>
  </reporter-output>
  <suite started-at="2021-02-11T14:12:55 IST" name="Default suite" finished-at="2021-02-11T14:13:18 IST" duration-ms="22702">
    <groups>
    </groups>
    <test started-at="2021-02-11T14:12:55 IST" name="Default test" finished-at="2021-02-11T14:13:18 IST" duration-ms="22702">
      <class name="com.orangehrm.testscripts.demo">
        <test-method is-config="true" signature="openbrowser()[pri:0, instance:com.orangehrm.testscripts.demo@159f197]" started-at="2021-02-11T14:12:55 IST" name="openbrowser" finished-at="2021-02-11T14:12:58 IST" duration-ms="2879" status="PASS">
          <reporter-output>
            <line>
              <![CDATA[open browser]]>
            </line>
          </reporter-output>
        </test-method> <!-- openbrowser -->
        <test-method is-config="true" signature="Login()[pri:0, instance:com.orangehrm.testscripts.demo@159f197]" started-at="2021-02-11T14:12:58 IST" name="Login" finished-at="2021-02-11T14:13:16 IST" duration-ms="17351" status="PASS">
          <reporter-output>
          </reporter-output>
        </test-method> <!-- Login -->
        <test-method signature="testlogin()[pri:0, instance:com.orangehrm.testscripts.demo@159f197]" started-at="2021-02-11T14:13:16 IST" name="testlogin" finished-at="2021-02-11T14:13:16 IST" duration-ms="6" status="FAIL">
          <exception class="java.io.FileNotFoundException">
            <message>
              <![CDATA[.\src\test\resources\testscripts.xlsx (The system cannot find the file specified)]]>
            </message>
            <full-stacktrace>
              <![CDATA[java.io.FileNotFoundException: .\src\test\resources\testscripts.xlsx (The system cannot find the file specified)
at java.base/java.io.FileInputStream.open0(Native Method)
at java.base/java.io.FileInputStream.open(FileInputStream.java:213)
at java.base/java.io.FileInputStream.<init>(FileInputStream.java:155)
at java.base/java.io.FileInputStream.<init>(FileInputStream.java:110)
at com.orangehrm.generics.FileLib.getExcelvalue(FileLib.java:45)
at com.orangehrm.testscripts.demo.testlogin(demo.java:23)
at java.base/jdk.internal.reflect.NativeMethodAccessorImpl.invoke0(Native Method)
at java.base/jdk.internal.reflect.NativeMethodAccessorImpl.invoke(NativeMethodAccessorImpl.java:62)
at java.base/jdk.internal.reflect.DelegatingMethodAccessorImpl.invoke(DelegatingMethodAccessorImpl.java:43)
at java.base/java.lang.reflect.Method.invoke(Method.java:567)
at org.testng.internal.MethodInvocationHelper.invokeMethod(MethodInvocationHelper.java:132)
at org.testng.internal.TestInvoker.invokeMethod(TestInvoker.java:599)
at org.testng.internal.TestInvoker.invokeTestMethod(TestInvoker.java:174)
at org.testng.internal.MethodRunner.runInSequence(MethodRunner.java:46)
at org.testng.internal.TestInvoker$MethodInvocationAgent.invoke(TestInvoker.java:822)
at org.testng.internal.TestInvoker.invokeTestMethods(TestInvoker.java:147)
at org.testng.internal.TestMethodWorker.invokeTestMethods(TestMethodWorker.java:146)
at org.testng.internal.TestMethodWorker.run(TestMethodWorker.java:128)
at java.base/java.util.ArrayList.forEach(ArrayList.java:1507)
at org.testng.TestRunner.privateRun(TestRunner.java:764)
at org.testng.TestRunner.run(TestRunner.java:585)
at org.testng.SuiteRunner.runTest(SuiteRunner.java:384)
at org.testng.SuiteRunner.runSequentially(SuiteRunner.java:378)
at org.testng.SuiteRunner.privateRun(SuiteRunner.java:337)
at org.testng.SuiteRunner.run(SuiteRunner.java:286)
at org.testng.SuiteRunnerWorker.runSuite(SuiteRunnerWorker.java:53)
at org.testng.SuiteRunnerWorker.run(SuiteRunnerWorker.java:96)
at org.testng.TestNG.runSuitesSequentially(TestNG.java:1218)
at org.testng.TestNG.runSuitesLocally(TestNG.java:1140)
at org.testng.TestNG.runSuites(TestNG.java:1069)
at org.testng.TestNG.run(TestNG.java:1037)
at org.testng.remote.AbstractRemoteTestNG.run(AbstractRemoteTestNG.java:115)
at org.testng.remote.RemoteTestNG.initAndRun(RemoteTestNG.java:251)
at org.testng.remote.RemoteTestNG.main(RemoteTestNG.java:77)
]]>
            </full-stacktrace>
          </exception> <!-- java.io.FileNotFoundException -->
          <reporter-output>
            <line>
              <![CDATA[Edit organization]]>
            </line>
          </reporter-output>
        </test-method> <!-- testlogin -->
        <test-method is-config="true" signature="logout()[pri:0, instance:com.orangehrm.testscripts.demo@159f197]" started-at="2021-02-11T14:13:16 IST" name="logout" finished-at="2021-02-11T14:13:18 IST" duration-ms="1844" status="PASS">
          <reporter-output>
            <line>
              <![CDATA[Logout Application]]>
            </line>
          </reporter-output>
        </test-method> <!-- logout -->
        <test-method is-config="true" signature="closebrowser()[pri:0, instance:com.orangehrm.testscripts.demo@159f197]" started-at="2021-02-11T14:13:18 IST" name="closebrowser" finished-at="2021-02-11T14:13:18 IST" duration-ms="85" status="PASS">
          <reporter-output>
          </reporter-output>
        </test-method> <!-- closebrowser -->
      </class> <!-- com.orangehrm.testscripts.demo -->
    </test> <!-- Default test -->
  </suite> <!-- Default suite -->
</testng-results>
